C:\Program Files (x86)\Microsoft Visual Studio\2019\Community\MSBuild\Microsoft\VC\v160\Microsoft.CppBuild.targets(513,5): warning MSB8028: Katalog pośredni (Debug\) zawiera pliki udostępnione z innego projektu (grk-cw3.vcxproj, grk-cw4.vcxproj, grk-cw5.vcxproj, grk-cw6.vcxproj, grk-cw7.vcxproj). Może to spowodować niepoprawne zachowanie podczas oczyszczania i ponownej kompilacji.
  Box.cpp
  Camera.cpp
  main.cpp
C:\Program Files (x86)\Windows Kits\10\Include\10.0.19041.0\shared\minwindef.h(130,1): warning C4005: "APIENTRY": ponowna definicja makra
C:\studia UAM\5 sem\graficzq_projekt\dependencies\glfw-3.3.8.bin.WIN32\include\GLFW\glfw3.h(123): message : zobacz poprzednią definicję „APIENTRY”
  The contents of <filesystem> are available only with C++17 or later.
C:\studia UAM\5 sem\graficzq_projekt\projekt\src\main.hpp(59,16): warning C4305: "inicjowanie": obcięcie z "double" do "float"
C:\studia UAM\5 sem\graficzq_projekt\projekt\src\main.hpp(117,13): warning C4244: "inicjowanie": konwersja z "double" do "float", możliwa utrata danych
  Render_Utils.cpp
  Shader_Loader.cpp
  Texture.cpp
  Generowanie kodu...
  image_DXT.c
C:\studia UAM\5 sem\graficzq_projekt\projekt\src\SOIL\image_DXT.c(92,9): warning C4996: 'fopen': This function or variable may be unsafe. Consider using fopen_s instead. To disable deprecation, use _CRT_SECURE_NO_WARNINGS. See online help for details.
  image_helper.c
C:\studia UAM\5 sem\graficzq_projekt\projekt\src\SOIL\image_helper.c(325,1): warning C4244: "inicjowanie": konwersja z "double" do "float", możliwa utrata danych
C:\studia UAM\5 sem\graficzq_projekt\projekt\src\SOIL\image_helper.c(366,58): warning C4244: "=": konwersja z "double" do "float", możliwa utrata danych
C:\studia UAM\5 sem\graficzq_projekt\projekt\src\SOIL\image_helper.c(373,46): warning C4244: "=": konwersja z "float" do "int", możliwa utrata danych
C:\studia UAM\5 sem\graficzq_projekt\projekt\src\SOIL\image_helper.c(415,58): warning C4244: "=": konwersja z "double" do "float", możliwa utrata danych
C:\studia UAM\5 sem\graficzq_projekt\projekt\src\SOIL\image_helper.c(422,62): warning C4244: "=": konwersja z "float" do "int", możliwa utrata danych
  SOIL.c
C:\studia UAM\5 sem\graficzq_projekt\projekt\src\SOIL\SOIL.c(1719,36): warning C4018: "<=": niezgodność typu ze znakiem/bez znaku
C:\studia UAM\5 sem\graficzq_projekt\projekt\src\SOIL\SOIL.c(1729,19): warning C4018: "<": niezgodność typu ze znakiem/bez znaku
C:\studia UAM\5 sem\graficzq_projekt\projekt\src\SOIL\SOIL.c(1841,6): warning C4996: 'fopen': This function or variable may be unsafe. Consider using fopen_s instead. To disable deprecation, use _CRT_SECURE_NO_WARNINGS. See online help for details.
  stb_image_aug.c
C:\studia UAM\5 sem\graficzq_projekt\projekt\src\SOIL\stb_image_aug.c(177,14): warning C4996: 'fopen': This function or variable may be unsafe. Consider using fopen_s instead. To disable deprecation, use _CRT_SECURE_NO_WARNINGS. See online help for details.
C:\studia UAM\5 sem\graficzq_projekt\projekt\src\SOIL\stb_image_aug.c(251,14): warning C4996: 'fopen': This function or variable may be unsafe. Consider using fopen_s instead. To disable deprecation, use _CRT_SECURE_NO_WARNINGS. See online help for details.
C:\studia UAM\5 sem\graficzq_projekt\projekt\src\SOIL\stb_image_aug.c(303,14): warning C4996: 'fopen': This function or variable may be unsafe. Consider using fopen_s instead. To disable deprecation, use _CRT_SECURE_NO_WARNINGS. See online help for details.
C:\studia UAM\5 sem\graficzq_projekt\projekt\src\SOIL\stb_image_aug.c(1557,14): warning C4996: 'fopen': This function or variable may be unsafe. Consider using fopen_s instead. To disable deprecation, use _CRT_SECURE_NO_WARNINGS. See online help for details.
C:\studia UAM\5 sem\graficzq_projekt\projekt\src\SOIL\stb_image_aug.c(2394,14): warning C4996: 'fopen': This function or variable may be unsafe. Consider using fopen_s instead. To disable deprecation, use _CRT_SECURE_NO_WARNINGS. See online help for details.
C:\studia UAM\5 sem\graficzq_projekt\projekt\src\SOIL\stb_image_aug.c(2709,14): warning C4996: 'fopen': This function or variable may be unsafe. Consider using fopen_s instead. To disable deprecation, use _CRT_SECURE_NO_WARNINGS. See online help for details.
C:\studia UAM\5 sem\graficzq_projekt\projekt\src\SOIL\stb_image_aug.c(2995,14): warning C4996: 'fopen': This function or variable may be unsafe. Consider using fopen_s instead. To disable deprecation, use _CRT_SECURE_NO_WARNINGS. See online help for details.
C:\studia UAM\5 sem\graficzq_projekt\projekt\src\SOIL\stb_image_aug.c(3209,14): warning C4996: 'fopen': This function or variable may be unsafe. Consider using fopen_s instead. To disable deprecation, use _CRT_SECURE_NO_WARNINGS. See online help for details.
C:\studia UAM\5 sem\graficzq_projekt\projekt\src\SOIL\stb_image_aug.c(3548,14): warning C4996: 'fopen': This function or variable may be unsafe. Consider using fopen_s instead. To disable deprecation, use _CRT_SECURE_NO_WARNINGS. See online help for details.
C:\studia UAM\5 sem\graficzq_projekt\projekt\src\SOIL\stb_image_aug.c(3644,14): warning C4996: 'fopen': This function or variable may be unsafe. Consider using fopen_s instead. To disable deprecation, use _CRT_SECURE_NO_WARNINGS. See online help for details.
C:\studia UAM\5 sem\graficzq_projekt\projekt\src\SOIL\stbi_DDS_aug_c.h(362,19): warning C4018: ">": niezgodność typu ze znakiem/bez znaku
C:\studia UAM\5 sem\graficzq_projekt\projekt\src\SOIL\stbi_DDS_aug_c.h(366,19): warning C4018: ">": niezgodność typu ze znakiem/bez znaku
C:\studia UAM\5 sem\graficzq_projekt\projekt\src\SOIL\stbi_DDS_aug_c.h(390,19): warning C4018: "<": niezgodność typu ze znakiem/bez znaku
C:\studia UAM\5 sem\graficzq_projekt\projekt\src\SOIL\stbi_DDS_aug_c.h(427,19): warning C4018: "<": niezgodność typu ze znakiem/bez znaku
C:\studia UAM\5 sem\graficzq_projekt\projekt\src\SOIL\stbi_DDS_aug_c.h(498,14): warning C4996: 'fopen': This function or variable may be unsafe. Consider using fopen_s instead. To disable deprecation, use _CRT_SECURE_NO_WARNINGS. See online help for details.
  Generowanie kodu...
Box.obj : warning LNK4075: zignorowano opcję „/EDITANDCONTINUE” z powodu określenia opcji „/INCREMENTAL:NO”
LINK : warning LNK4098: domyślna biblioteka „MSVCRT” powoduje konflikt z innymi bibliotekami; użyj opcji /NODEFAULTLIB:biblioteka
  projekt.vcxproj -> C:\studia UAM\5 sem\graficzq_projekt\Debug\projekt.exe
